{"/Users/kellywillard/hrsf124/Robinhood/RobinHood-AnalystRatings/database/Rating.js": {"path":"/Users/kellywillard/hrsf124/Robinhood/RobinHood-AnalystRatings/database/Rating.js","statementMap":{"0":{"start":{"line":1,"column":17},"end":{"line":1,"column":36}},"1":{"start":{"line":2,"column":11},"end":{"line":2,"column":32}},"2":{"start":{"line":3,"column":0},"end":{"line":3,"column":34}},"3":{"start":{"line":5,"column":19},"end":{"line":12,"column":2}},"4":{"start":{"line":15,"column":13},"end":{"line":15,"column":51}},"5":{"start":{"line":17,"column":0},"end":{"line":17,"column":24}}},"fnMap":{},"branchMap":{},"s":{"0":1,"1":1,"2":1,"3":1,"4":1,"5":1},"f":{},"b":{},"_coverageSchema":"43e27e138ebf9cfc5966b082cf9a028302ed4184","hash":"26d5f30a22648ca154a26683463ac4f01c704724"}
,"/Users/kellywillard/hrsf124/Robinhood/RobinHood-AnalystRatings/database/index.js": {"path":"/Users/kellywillard/hrsf124/Robinhood/RobinHood-AnalystRatings/database/index.js","statementMap":{"0":{"start":{"line":1,"column":17},"end":{"line":1,"column":36}},"1":{"start":{"line":2,"column":17},"end":{"line":2,"column":39}},"2":{"start":{"line":4,"column":11},"end":{"line":4,"column":90}},"3":{"start":{"line":6,"column":0},"end":{"line":6,"column":20}}},"fnMap":{},"branchMap":{},"s":{"0":1,"1":1,"2":1,"3":1},"f":{},"b":{},"_coverageSchema":"43e27e138ebf9cfc5966b082cf9a028302ed4184","hash":"25f2707597fe2743962158d7739d430aae47f4f3"}
,"/Users/kellywillard/hrsf124/Robinhood/RobinHood-AnalystRatings/src/BuySummary.jsx": {"path":"/Users/kellywillard/hrsf124/Robinhood/RobinHood-AnalystRatings/src/BuySummary.jsx","statementMap":{"0":{"start":{"line":6,"column":10},"end":{"line":6,"column":23}},"1":{"start":{"line":7,"column":10},"end":{"line":9,"column":11}},"2":{"start":{"line":10,"column":10},"end":{"line":10,"column":57}},"3":{"start":{"line":11,"column":10},"end":{"line":11,"column":49}},"4":{"start":{"line":15,"column":8},"end":{"line":15,"column":55}},"5":{"start":{"line":20,"column":8},"end":{"line":20,"column":42}},"6":{"start":{"line":24,"column":8},"end":{"line":55,"column":9}},"7":{"start":{"line":25,"column":12},"end":{"line":42,"column":13}},"8":{"start":{"line":26,"column":16},"end":{"line":37,"column":17}},"9":{"start":{"line":39,"column":16},"end":{"line":41,"column":17}},"10":{"start":{"line":44,"column":12},"end":{"line":54,"column":13}},"11":{"start":{"line":61,"column":10},"end":{"line":69,"column":11}}},"fnMap":{"0":{"name":"(anonymous_0)","decl":{"start":{"line":5,"column":6},"end":{"line":5,"column":7}},"loc":{"start":{"line":5,"column":24},"end":{"line":12,"column":7}},"line":5},"1":{"name":"(anonymous_1)","decl":{"start":{"line":14,"column":6},"end":{"line":14,"column":7}},"loc":{"start":{"line":14,"column":20},"end":{"line":17,"column":7}},"line":14},"2":{"name":"(anonymous_2)","decl":{"start":{"line":19,"column":6},"end":{"line":19,"column":7}},"loc":{"start":{"line":19,"column":17},"end":{"line":21,"column":5}},"line":19},"3":{"name":"(anonymous_3)","decl":{"start":{"line":23,"column":6},"end":{"line":23,"column":7}},"loc":{"start":{"line":23,"column":13},"end":{"line":56,"column":5}},"line":23},"4":{"name":"(anonymous_4)","decl":{"start":{"line":60,"column":6},"end":{"line":60,"column":7}},"loc":{"start":{"line":60,"column":15},"end":{"line":70,"column":7}},"line":60}},"branchMap":{"0":{"loc":{"start":{"line":24,"column":8},"end":{"line":55,"column":9}},"type":"if","locations":[{"start":{"line":24,"column":8},"end":{"line":55,"column":9}},{"start":{"line":24,"column":8},"end":{"line":55,"column":9}}],"line":24},"1":{"loc":{"start":{"line":25,"column":12},"end":{"line":42,"column":13}},"type":"if","locations":[{"start":{"line":25,"column":12},"end":{"line":42,"column":13}},{"start":{"line":25,"column":12},"end":{"line":42,"column":13}}],"line":25}},"s":{"0":11,"1":11,"2":11,"3":11,"4":2,"5":0,"6":27,"7":25,"8":12,"9":13,"10":2,"11":27},"f":{"0":11,"1":2,"2":0,"3":27,"4":27},"b":{"0":[25,2],"1":[12,13]},"_coverageSchema":"43e27e138ebf9cfc5966b082cf9a028302ed4184","hash":"8c47fa8d409708fd72c0575c7af9c47bc65e0310"}
,"/Users/kellywillard/hrsf124/Robinhood/RobinHood-AnalystRatings/src/Ratings.jsx": {"path":"/Users/kellywillard/hrsf124/Robinhood/RobinHood-AnalystRatings/src/Ratings.jsx","statementMap":{"0":{"start":{"line":10,"column":8},"end":{"line":10,"column":16}},"1":{"start":{"line":11,"column":8},"end":{"line":15,"column":9}},"2":{"start":{"line":19,"column":8},"end":{"line":19,"column":27}},"3":{"start":{"line":20,"column":8},"end":{"line":23,"column":10}},"4":{"start":{"line":21,"column":12},"end":{"line":21,"column":56}},"5":{"start":{"line":26,"column":21},"end":{"line":26,"column":43}},"6":{"start":{"line":27,"column":20},"end":{"line":27,"column":67}},"7":{"start":{"line":28,"column":8},"end":{"line":28,"column":37}},"8":{"start":{"line":30,"column":8},"end":{"line":34,"column":9}},"9":{"start":{"line":31,"column":12},"end":{"line":31,"column":65}},"10":{"start":{"line":33,"column":12},"end":{"line":33,"column":64}},"11":{"start":{"line":39,"column":8},"end":{"line":82,"column":9}}},"fnMap":{"0":{"name":"(anonymous_0)","decl":{"start":{"line":9,"column":4},"end":{"line":9,"column":5}},"loc":{"start":{"line":9,"column":18},"end":{"line":16,"column":5}},"line":9},"1":{"name":"(anonymous_1)","decl":{"start":{"line":18,"column":4},"end":{"line":18,"column":5}},"loc":{"start":{"line":18,"column":24},"end":{"line":24,"column":5}},"line":18},"2":{"name":"(anonymous_2)","decl":{"start":{"line":20,"column":60},"end":{"line":20,"column":61}},"loc":{"start":{"line":20,"column":74},"end":{"line":22,"column":9}},"line":20},"3":{"name":"(anonymous_3)","decl":{"start":{"line":22,"column":17},"end":{"line":22,"column":18}},"loc":{"start":{"line":22,"column":26},"end":{"line":23,"column":9}},"line":22},"4":{"name":"(anonymous_4)","decl":{"start":{"line":25,"column":4},"end":{"line":25,"column":5}},"loc":{"start":{"line":25,"column":18},"end":{"line":35,"column":5}},"line":25},"5":{"name":"(anonymous_5)","decl":{"start":{"line":38,"column":4},"end":{"line":38,"column":5}},"loc":{"start":{"line":38,"column":13},"end":{"line":83,"column":5}},"line":38}},"branchMap":{"0":{"loc":{"start":{"line":30,"column":8},"end":{"line":34,"column":9}},"type":"if","locations":[{"start":{"line":30,"column":8},"end":{"line":34,"column":9}},{"start":{"line":30,"column":8},"end":{"line":34,"column":9}}],"line":30}},"s":{"0":7,"1":7,"2":6,"3":6,"4":0,"5":6,"6":6,"7":6,"8":6,"9":4,"10":2,"11":19},"f":{"0":7,"1":6,"2":0,"3":0,"4":6,"5":19},"b":{"0":[4,2]},"_coverageSchema":"43e27e138ebf9cfc5966b082cf9a028302ed4184","hash":"63f49388cfe3e06c560b8f6ed8337d03361f232f"}
,"/Users/kellywillard/hrsf124/Robinhood/RobinHood-AnalystRatings/src/SellSummary.jsx": {"path":"/Users/kellywillard/hrsf124/Robinhood/RobinHood-AnalystRatings/src/SellSummary.jsx","statementMap":{"0":{"start":{"line":8,"column":8},"end":{"line":8,"column":21}},"1":{"start":{"line":9,"column":8},"end":{"line":11,"column":9}},"2":{"start":{"line":13,"column":8},"end":{"line":13,"column":55}},"3":{"start":{"line":14,"column":8},"end":{"line":14,"column":47}},"4":{"start":{"line":18,"column":8},"end":{"line":18,"column":33}},"5":{"start":{"line":20,"column":27},"end":{"line":20,"column":62}},"6":{"start":{"line":21,"column":12},"end":{"line":21,"column":46}},"7":{"start":{"line":23,"column":12},"end":{"line":30,"column":13}},"8":{"start":{"line":24,"column":16},"end":{"line":24,"column":48}},"9":{"start":{"line":25,"column":16},"end":{"line":25,"column":51}},"10":{"start":{"line":28,"column":16},"end":{"line":28,"column":72}},"11":{"start":{"line":29,"column":16},"end":{"line":29,"column":45}},"12":{"start":{"line":32,"column":12},"end":{"line":32,"column":44}},"13":{"start":{"line":37,"column":8},"end":{"line":37,"column":42}},"14":{"start":{"line":41,"column":12},"end":{"line":63,"column":13}},"15":{"start":{"line":42,"column":13},"end":{"line":42,"column":64}},"16":{"start":{"line":43,"column":0},"end":{"line":43,"column":26}},"17":{"start":{"line":44,"column":16},"end":{"line":58,"column":17}},"18":{"start":{"line":60,"column":16},"end":{"line":62,"column":17}},"19":{"start":{"line":69,"column":8},"end":{"line":80,"column":9}}},"fnMap":{"0":{"name":"(anonymous_0)","decl":{"start":{"line":7,"column":4},"end":{"line":7,"column":5}},"loc":{"start":{"line":7,"column":22},"end":{"line":15,"column":5}},"line":7},"1":{"name":"(anonymous_1)","decl":{"start":{"line":17,"column":4},"end":{"line":17,"column":5}},"loc":{"start":{"line":17,"column":19},"end":{"line":34,"column":7}},"line":17},"2":{"name":"(anonymous_2)","decl":{"start":{"line":36,"column":4},"end":{"line":36,"column":5}},"loc":{"start":{"line":36,"column":15},"end":{"line":38,"column":5}},"line":36},"3":{"name":"(anonymous_3)","decl":{"start":{"line":40,"column":6},"end":{"line":40,"column":7}},"loc":{"start":{"line":40,"column":13},"end":{"line":64,"column":5}},"line":40},"4":{"name":"(anonymous_4)","decl":{"start":{"line":68,"column":4},"end":{"line":68,"column":5}},"loc":{"start":{"line":68,"column":13},"end":{"line":81,"column":5}},"line":68}},"branchMap":{"0":{"loc":{"start":{"line":23,"column":12},"end":{"line":30,"column":13}},"type":"if","locations":[{"start":{"line":23,"column":12},"end":{"line":30,"column":13}},{"start":{"line":23,"column":12},"end":{"line":30,"column":13}}],"line":23},"1":{"loc":{"start":{"line":41,"column":12},"end":{"line":63,"column":13}},"type":"if","locations":[{"start":{"line":41,"column":12},"end":{"line":63,"column":13}},{"start":{"line":41,"column":12},"end":{"line":63,"column":13}}],"line":41}},"s":{"0":11,"1":11,"2":11,"3":11,"4":2,"5":2,"6":2,"7":0,"8":0,"9":0,"10":0,"11":0,"12":0,"13":0,"14":25,"15":12,"16":12,"17":12,"18":13,"19":25},"f":{"0":11,"1":2,"2":0,"3":25,"4":25},"b":{"0":[0,0],"1":[12,13]},"_coverageSchema":"43e27e138ebf9cfc5966b082cf9a028302ed4184","hash":"56ba86ab5f3349a766eec474a95140e8c793fc19"}
,"/Users/kellywillard/hrsf124/Robinhood/RobinHood-AnalystRatings/src/styled-components/BuySummary-style.js": {"path":"/Users/kellywillard/hrsf124/Robinhood/RobinHood-AnalystRatings/src/styled-components/BuySummary-style.js","statementMap":{"0":{"start":{"line":3,"column":24},"end":{"line":3,"column":26}},"1":{"start":{"line":5,"column":0},"end":{"line":15,"column":4}},"2":{"start":{"line":17,"column":2},"end":{"line":24,"column":4}},"3":{"start":{"line":26,"column":2},"end":{"line":31,"column":4}},"4":{"start":{"line":33,"column":2},"end":{"line":37,"column":4}},"5":{"start":{"line":39,"column":2},"end":{"line":43,"column":4}},"6":{"start":{"line":45,"column":2},"end":{"line":50,"column":4}}},"fnMap":{},"branchMap":{},"s":{"0":2,"1":2,"2":2,"3":2,"4":2,"5":2,"6":2},"f":{},"b":{},"_coverageSchema":"43e27e138ebf9cfc5966b082cf9a028302ed4184","hash":"bdc64dae522f69e7efb2a966dada9cb1c0dfc393"}
,"/Users/kellywillard/hrsf124/Robinhood/RobinHood-AnalystRatings/src/styled-components/Ratings-style.js": {"path":"/Users/kellywillard/hrsf124/Robinhood/RobinHood-AnalystRatings/src/styled-components/Ratings-style.js","statementMap":{"0":{"start":{"line":3,"column":21},"end":{"line":3,"column":23}},"1":{"start":{"line":5,"column":0},"end":{"line":11,"column":2}},"2":{"start":{"line":13,"column":0},"end":{"line":18,"column":2}},"3":{"start":{"line":20,"column":0},"end":{"line":28,"column":2}},"4":{"start":{"line":30,"column":0},"end":{"line":35,"column":2}},"5":{"start":{"line":37,"column":0},"end":{"line":45,"column":2}},"6":{"start":{"line":47,"column":0},"end":{"line":53,"column":2}},"7":{"start":{"line":55,"column":0},"end":{"line":62,"column":2}},"8":{"start":{"line":64,"column":0},"end":{"line":69,"column":2}},"9":{"start":{"line":71,"column":0},"end":{"line":76,"column":2}},"10":{"start":{"line":78,"column":0},"end":{"line":87,"column":2}},"11":{"start":{"line":89,"column":0},"end":{"line":100,"column":4}},"12":{"start":{"line":102,"column":2},"end":{"line":107,"column":4}}},"fnMap":{},"branchMap":{},"s":{"0":1,"1":1,"2":1,"3":1,"4":1,"5":1,"6":1,"7":1,"8":1,"9":1,"10":1,"11":1,"12":1},"f":{},"b":{},"_coverageSchema":"43e27e138ebf9cfc5966b082cf9a028302ed4184","hash":"a9c8cfb802656f47faa9aa29ca7483a3fb69e842"}
,"/Users/kellywillard/hrsf124/Robinhood/RobinHood-AnalystRatings/src/styled-components/SellSummary-style.js": {"path":"/Users/kellywillard/hrsf124/Robinhood/RobinHood-AnalystRatings/src/styled-components/SellSummary-style.js","statementMap":{"0":{"start":{"line":3,"column":25},"end":{"line":3,"column":27}},"1":{"start":{"line":5,"column":0},"end":{"line":15,"column":4}},"2":{"start":{"line":17,"column":2},"end":{"line":24,"column":4}},"3":{"start":{"line":26,"column":2},"end":{"line":31,"column":4}},"4":{"start":{"line":33,"column":2},"end":{"line":38,"column":4}},"5":{"start":{"line":40,"column":2},"end":{"line":48,"column":4}},"6":{"start":{"line":50,"column":2},"end":{"line":54,"column":4}},"7":{"start":{"line":56,"column":2},"end":{"line":61,"column":4}}},"fnMap":{},"branchMap":{},"s":{"0":2,"1":2,"2":2,"3":2,"4":2,"5":2,"6":2,"7":2},"f":{},"b":{},"_coverageSchema":"43e27e138ebf9cfc5966b082cf9a028302ed4184","hash":"53c25334159095b1722f147a2dd3f2fd4863ee5d"}
}
