{"/Users/kellywillard/hrsf124/Robinhood/RobinHood-AnalystRatings/database/Rating.js": {"path":"/Users/kellywillard/hrsf124/Robinhood/RobinHood-AnalystRatings/database/Rating.js","statementMap":{"0":{"start":{"line":1,"column":17},"end":{"line":1,"column":36}},"1":{"start":{"line":2,"column":11},"end":{"line":2,"column":32}},"2":{"start":{"line":3,"column":0},"end":{"line":3,"column":34}},"3":{"start":{"line":5,"column":19},"end":{"line":12,"column":2}},"4":{"start":{"line":15,"column":13},"end":{"line":15,"column":51}},"5":{"start":{"line":17,"column":0},"end":{"line":17,"column":24}}},"fnMap":{},"branchMap":{},"s":{"0":1,"1":1,"2":1,"3":1,"4":1,"5":1},"f":{},"b":{},"_coverageSchema":"43e27e138ebf9cfc5966b082cf9a028302ed4184","hash":"26d5f30a22648ca154a26683463ac4f01c704724"}
,"/Users/kellywillard/hrsf124/Robinhood/RobinHood-AnalystRatings/database/index.js": {"path":"/Users/kellywillard/hrsf124/Robinhood/RobinHood-AnalystRatings/database/index.js","statementMap":{"0":{"start":{"line":1,"column":17},"end":{"line":1,"column":36}},"1":{"start":{"line":2,"column":17},"end":{"line":2,"column":39}},"2":{"start":{"line":4,"column":11},"end":{"line":4,"column":64}},"3":{"start":{"line":6,"column":0},"end":{"line":6,"column":20}}},"fnMap":{},"branchMap":{},"s":{"0":1,"1":1,"2":1,"3":1},"f":{},"b":{},"_coverageSchema":"43e27e138ebf9cfc5966b082cf9a028302ed4184","hash":"4a10772639b1c06848c84f6f46c5119c30def40a"}
}
