TN:
SF:/Users/kellywillard/hrsf124/Robinhood/RobinHood-AnalystRatings/database/Rating.js
FNF:0
FNH:0
DA:1,1
DA:2,1
DA:3,1
DA:5,1
DA:15,1
DA:17,1
LF:6
LH:6
BRF:0
BRH:0
end_of_record
TN:
SF:/Users/kellywillard/hrsf124/Robinhood/RobinHood-AnalystRatings/database/index.js
FNF:0
FNH:0
DA:1,1
DA:2,1
DA:4,1
DA:6,1
LF:4
LH:4
BRF:0
BRH:0
end_of_record
TN:
SF:/Users/kellywillard/hrsf124/Robinhood/RobinHood-AnalystRatings/src/BuySummary.jsx
FN:5,(anonymous_0)
FN:13,(anonymous_1)
FN:18,(anonymous_2)
FN:55,(anonymous_3)
FNF:4
FNH:4
FNDA:11,(anonymous_0)
FNDA:2,(anonymous_1)
FNDA:27,(anonymous_2)
FNDA:27,(anonymous_3)
DA:6,11
DA:7,11
DA:10,11
DA:14,2
DA:19,27
DA:20,25
DA:21,12
DA:34,13
DA:39,2
DA:56,27
LF:10
LH:10
BRDA:19,0,0,25
BRDA:19,0,1,2
BRDA:20,1,0,12
BRDA:20,1,1,13
BRF:4
BRH:4
end_of_record
TN:
SF:/Users/kellywillard/hrsf124/Robinhood/RobinHood-AnalystRatings/src/Ratings.jsx
FN:9,(anonymous_0)
FN:18,(anonymous_1)
FN:20,(anonymous_2)
FN:22,(anonymous_3)
FN:25,(anonymous_4)
FN:38,(anonymous_5)
FNF:6
FNH:4
FNDA:7,(anonymous_0)
FNDA:6,(anonymous_1)
FNDA:0,(anonymous_2)
FNDA:0,(anonymous_3)
FNDA:6,(anonymous_4)
FNDA:19,(anonymous_5)
DA:10,7
DA:11,7
DA:19,6
DA:20,6
DA:21,0
DA:26,6
DA:27,6
DA:28,6
DA:30,6
DA:31,3
DA:33,3
DA:39,19
LF:12
LH:11
BRDA:30,0,0,3
BRDA:30,0,1,3
BRF:2
BRH:2
end_of_record
TN:
SF:/Users/kellywillard/hrsf124/Robinhood/RobinHood-AnalystRatings/src/SellSummary.jsx
FN:5,(anonymous_0)
FN:13,(anonymous_1)
FN:17,(anonymous_2)
FN:54,(anonymous_3)
FNF:4
FNH:4
FNDA:11,(anonymous_0)
FNDA:2,(anonymous_1)
FNDA:27,(anonymous_2)
FNDA:27,(anonymous_3)
DA:6,11
DA:7,11
DA:10,11
DA:14,2
DA:18,27
DA:19,25
DA:20,12
DA:33,13
DA:38,2
DA:55,27
LF:10
LH:10
BRDA:18,0,0,25
BRDA:18,0,1,2
BRDA:19,1,0,12
BRDA:19,1,1,13
BRF:4
BRH:4
end_of_record
TN:
SF:/Users/kellywillard/hrsf124/Robinhood/RobinHood-AnalystRatings/src/styled-components/BuySummary-style.js
FNF:0
FNH:0
DA:3,2
DA:5,2
DA:17,2
DA:26,2
DA:33,2
DA:39,2
DA:45,2
LF:7
LH:7
BRF:0
BRH:0
end_of_record
TN:
SF:/Users/kellywillard/hrsf124/Robinhood/RobinHood-AnalystRatings/src/styled-components/Ratings-style.js
FNF:0
FNH:0
DA:3,1
DA:5,1
DA:13,1
DA:20,1
DA:30,1
DA:37,1
DA:47,1
DA:55,1
DA:64,1
DA:71,1
DA:78,1
DA:89,1
DA:102,1
LF:13
LH:13
BRF:0
BRH:0
end_of_record
TN:
SF:/Users/kellywillard/hrsf124/Robinhood/RobinHood-AnalystRatings/src/styled-components/SellSummary-style.js
FNF:0
FNH:0
DA:3,2
DA:5,2
DA:17,2
DA:26,2
DA:33,2
DA:39,2
DA:45,2
LF:7
LH:7
BRF:0
BRH:0
end_of_record
