TN:
SF:/Users/kellywillard/hrsf124/Robinhood/RobinHood-AnalystRatings/database/Rating.js
FNF:0
FNH:0
DA:1,1
DA:2,1
DA:3,1
DA:5,1
DA:15,1
DA:17,1
LF:6
LH:6
BRF:0
BRH:0
end_of_record
TN:
SF:/Users/kellywillard/hrsf124/Robinhood/RobinHood-AnalystRatings/database/index.js
FNF:0
FNH:0
DA:1,1
DA:2,1
DA:4,1
DA:6,1
LF:4
LH:4
BRF:0
BRH:0
end_of_record
TN:
SF:/Users/kellywillard/hrsf124/Robinhood/RobinHood-AnalystRatings/src/BuySummary.jsx
FN:5,(anonymous_0)
FN:14,(anonymous_1)
FN:28,(anonymous_2)
FN:32,(anonymous_3)
FN:66,(anonymous_4)
FNF:5
FNH:4
FNDA:11,(anonymous_0)
FNDA:2,(anonymous_1)
FNDA:0,(anonymous_2)
FNDA:27,(anonymous_3)
FNDA:27,(anonymous_4)
DA:6,11
DA:7,11
DA:10,11
DA:11,11
DA:15,2
DA:16,2
DA:18,2
DA:19,0
DA:20,0
DA:22,0
DA:23,0
DA:29,0
DA:33,27
DA:35,14
DA:36,14
DA:37,12
DA:39,2
DA:41,14
DA:57,13
DA:67,27
LF:20
LH:15
BRDA:18,0,0,0
BRDA:18,0,1,0
BRDA:33,1,0,14
BRDA:33,1,1,13
BRDA:36,2,0,12
BRDA:36,2,1,2
BRF:6
BRH:4
end_of_record
TN:
SF:/Users/kellywillard/hrsf124/Robinhood/RobinHood-AnalystRatings/src/Ratings.jsx
FN:9,(anonymous_0)
FN:19,(anonymous_1)
FN:21,(anonymous_2)
FN:23,(anonymous_3)
FN:26,(anonymous_4)
FN:39,(anonymous_5)
FNF:6
FNH:4
FNDA:7,(anonymous_0)
FNDA:6,(anonymous_1)
FNDA:0,(anonymous_2)
FNDA:0,(anonymous_3)
FNDA:6,(anonymous_4)
FNDA:19,(anonymous_5)
DA:10,7
DA:11,7
DA:20,6
DA:21,6
DA:22,0
DA:27,6
DA:28,6
DA:29,6
DA:31,6
DA:32,2
DA:34,4
DA:40,19
LF:12
LH:11
BRDA:31,0,0,2
BRDA:31,0,1,4
BRF:2
BRH:2
end_of_record
TN:
SF:/Users/kellywillard/hrsf124/Robinhood/RobinHood-AnalystRatings/src/SellSummary.jsx
FN:6,(anonymous_0)
FN:16,(anonymous_1)
FN:29,(anonymous_2)
FN:33,(anonymous_3)
FN:66,(anonymous_4)
FNF:5
FNH:4
FNDA:11,(anonymous_0)
FNDA:2,(anonymous_1)
FNDA:0,(anonymous_2)
FNDA:27,(anonymous_3)
FNDA:27,(anonymous_4)
DA:7,11
DA:8,11
DA:12,11
DA:13,11
DA:17,2
DA:18,2
DA:20,2
DA:21,0
DA:22,0
DA:24,0
DA:25,0
DA:30,0
DA:34,27
DA:36,14
DA:37,14
DA:38,12
DA:40,2
DA:42,14
DA:58,13
DA:67,27
LF:20
LH:15
BRDA:20,0,0,0
BRDA:20,0,1,0
BRDA:34,1,0,14
BRDA:34,1,1,13
BRDA:37,2,0,12
BRDA:37,2,1,2
BRF:6
BRH:4
end_of_record
TN:
SF:/Users/kellywillard/hrsf124/Robinhood/RobinHood-AnalystRatings/src/styled-components/BuySummary-style.js
FNF:0
FNH:0
DA:3,2
DA:5,2
DA:17,2
DA:26,2
DA:33,2
DA:39,2
DA:48,2
DA:54,2
LF:8
LH:8
BRF:0
BRH:0
end_of_record
TN:
SF:/Users/kellywillard/hrsf124/Robinhood/RobinHood-AnalystRatings/src/styled-components/Ratings-style.js
FNF:0
FNH:0
DA:3,1
DA:5,1
DA:14,1
DA:21,1
DA:31,1
DA:38,1
DA:48,1
DA:56,1
DA:65,1
DA:72,1
DA:79,1
DA:90,1
DA:103,1
LF:13
LH:13
BRF:0
BRH:0
end_of_record
TN:
SF:/Users/kellywillard/hrsf124/Robinhood/RobinHood-AnalystRatings/src/styled-components/SellSummary-style.js
FNF:0
FNH:0
DA:3,2
DA:5,2
DA:17,2
DA:26,2
DA:33,2
DA:40,2
DA:49,2
DA:55,2
LF:8
LH:8
BRF:0
BRH:0
end_of_record
